<?xml version="1.0" encoding="UTF-8"?>
<!-- Generated by org.testng.reporters.JUnitReportReporter -->
<testsuite hostname="Mayuresh" failures="0" tests="1" name="demo.session.framework.SeleniumFrameworkTutorials.GlobalVariablesPage" time="13.470" errors="0" timestamp="2025-01-04T23:04:27 IST" skipped="0">
  <testcase classname="demo.session.framework.SeleniumFrameworkTutorials.GlobalVariablesPage" name="submitOrder" time="13.470"/>
  <system-out/>
</testsuite> <!-- demo.session.framework.SeleniumFrameworkTutorials.GlobalVariablesPage -->
