<?xml version="1.0" encoding="UTF-8"?>
<!-- Generated by org.testng.reporters.JUnitReportReporter -->
<testsuite hostname="Mayuresh" failures="0" tests="3" name="demo.session.framework.SeleniumFrameworkTutorials.PurchaseOrderJson" time="15.742" errors="0" timestamp="2025-01-05T11:43:21 IST" skipped="0">
  <testcase classname="demo.session.framework.SeleniumFrameworkTutorials.PurchaseOrderJson" name="validateOrderSummary" time="5.983"/>
  <system-out/>
  <testcase classname="demo.session.framework.SeleniumFrameworkTutorials.PurchaseOrderJson" name="validateOrderSubmission" time="4.628"/>
  <system-out/>
  <testcase classname="demo.session.framework.SeleniumFrameworkTutorials.PurchaseOrderJson" name="validateOrderSubmission" time="5.131"/>
  <system-out/>
</testsuite> <!-- demo.session.framework.SeleniumFrameworkTutorials.PurchaseOrderJson -->
