<?xml version="1.0" encoding="UTF-8"?>
<!-- Generated by org.testng.reporters.JUnitReportReporter -->
<testsuite hostname="Mayuresh" failures="0" tests="1" name="demo.session.framework.SeleniumFrameworkTutorials.ErrorValidations" time="3.920" errors="0" timestamp="2025-01-08T08:25:53 IST" skipped="0">
  <testcase classname="demo.session.framework.SeleniumFrameworkTutorials.ErrorValidations" name="submitOrder" time="3.920"/>
  <system-out/>
</testsuite> <!-- demo.session.framework.SeleniumFrameworkTutorials.ErrorValidations -->
